<?xml version="1.0" encoding="UTF-8"?>
<testsuite xmlns:xsi="http://www.w3.org/2001/XMLSchema-instance" xsi:noNamespaceSchemaLocation="https://maven.apache.org/surefire/maven-surefire-plugin/xsd/surefire-test-report.xsd" name="test.java.com.demo.CalculatorTest" time="0.057" tests="1" errors="0" skipped="0" failures="0">
  <properties>
    <property name="java.specification.version" value="17"/>
    <property name="sun.cpu.isalist" value="amd64"/>
    <property name="sun.jnu.encoding" value="Cp1252"/>
    <property name="java.class.path" value="D:\Users\abirami\OneDrive\Desktop\Digital-Nurture-4.0-JavaFSE- Solution WEEK 2\JUnit, Mockito and SL4J\Ex - 1\setting-up-junit\target\test-classes;D:\Users\abirami\OneDrive\Desktop\Digital-Nurture-4.0-JavaFSE- Solution WEEK 2\JUnit, Mockito and SL4J\Ex - 1\setting-up-junit\target\classes;C:\Users\abirami\.m2\repository\junit\junit\4.13.2\junit-4.13.2.jar;C:\Users\abirami\.m2\repository\org\hamcrest\hamcrest-core\1.3\hamcrest-core-1.3.jar;"/>
    <property name="java.vm.vendor" value="Oracle Corporation"/>
    <property name="sun.arch.data.model" value="64"/>
    <property name="user.variant" value=""/>
    <property name="java.vendor.url" value="https://java.oracle.com/"/>
    <property name="user.timezone" value="Asia/Calcutta"/>
    <property name="os.name" value="Windows 11"/>
    <property name="java.vm.specification.version" value="17"/>
    <property name="sun.java.launcher" value="SUN_STANDARD"/>
    <property name="user.country" value="IN"/>
    <property name="sun.boot.library.path" value="C:\Program Files\Java\jdk-17\bin"/>
    <property name="sun.java.command" value="C:\Users\abirami\AppData\Local\Temp\surefire3971719538951396125\surefirebooter13129020892408704276.jar C:\Users\abirami\AppData\Local\Temp\surefire3971719538951396125 2025-06-27T21-29-48_823-jvmRun1 surefire4835934272538377546tmp surefire_010434760823920808025tmp"/>
    <property name="jdk.debug" value="release"/>
    <property name="surefire.test.class.path" value="D:\Users\abirami\OneDrive\Desktop\Digital-Nurture-4.0-JavaFSE- Solution WEEK 2\JUnit, Mockito and SL4J\Ex - 1\setting-up-junit\target\test-classes;D:\Users\abirami\OneDrive\Desktop\Digital-Nurture-4.0-JavaFSE- Solution WEEK 2\JUnit, Mockito and SL4J\Ex - 1\setting-up-junit\target\classes;C:\Users\abirami\.m2\repository\junit\junit\4.13.2\junit-4.13.2.jar;C:\Users\abirami\.m2\repository\org\hamcrest\hamcrest-core\1.3\hamcrest-core-1.3.jar;"/>
    <property name="sun.cpu.endian" value="little"/>
    <property name="user.home" value="C:\Users\abirami"/>
    <property name="user.language" value="en"/>
    <property name="java.specification.vendor" value="Oracle Corporation"/>
    <property name="java.version.date" value="2024-07-16"/>
    <property name="java.home" value="C:\Program Files\Java\jdk-17"/>
    <property name="file.separator" value="\"/>
    <property name="basedir" value="D:\Users\abirami\OneDrive\Desktop\Digital-Nurture-4.0-JavaFSE- Solution WEEK 2\JUnit, Mockito and SL4J\Ex - 1\setting-up-junit"/>
    <property name="java.vm.compressedOopsMode" value="32-bit"/>
    <property name="line.separator" value="&#10;"/>
    <property name="java.vm.specification.vendor" value="Oracle Corporation"/>
    <property name="java.specification.name" value="Java Platform API Specification"/>
    <property name="surefire.real.class.path" value="C:\Users\abirami\AppData\Local\Temp\surefire3971719538951396125\surefirebooter13129020892408704276.jar"/>
    <property name="user.script" value=""/>
    <property name="sun.management.compiler" value="HotSpot 64-Bit Tiered Compilers"/>
    <property name="java.runtime.version" value="17.0.12+8-LTS-286"/>
    <property name="user.name" value="abirami"/>
    <property name="path.separator" value=";"/>
    <property name="os.version" value="10.0"/>
    <property name="java.runtime.name" value="Java(TM) SE Runtime Environment"/>
    <property name="file.encoding" value="Cp1252"/>
    <property name="java.vm.name" value="Java HotSpot(TM) 64-Bit Server VM"/>
    <property name="localRepository" value="C:\Users\abirami\.m2\repository"/>
    <property name="java.vendor.url.bug" value="https://bugreport.java.com/bugreport/"/>
    <property name="java.io.tmpdir" value="C:\Users\abirami\AppData\Local\Temp\"/>
    <property name="java.version" value="17.0.12"/>
    <property name="user.dir" value="D:\Users\abirami\OneDrive\Desktop\Digital-Nurture-4.0-JavaFSE- Solution WEEK 2\JUnit, Mockito and SL4J\Ex - 1\setting-up-junit"/>
    <property name="os.arch" value="amd64"/>
    <property name="java.vm.specification.name" value="Java Virtual Machine Specification"/>
    <property name="sun.os.patch.level" value=""/>
    <property name="native.encoding" value="Cp1252"/>
    <property name="java.library.path" value="C:\Program Files\Java\jdk-17\bin;C:\WINDOWS\Sun\Java\bin;C:\WINDOWS\system32;C:\WINDOWS;C:\Program Files\Java\jdk-17\bin;C:\Python313\Scripts\;C:\Python313\;D:\Download\app\oracle\product\10.2.0\server\bin;C:\Program Files\Common Files\Oracle\Java\javapath;C:\WINDOWS\system32;C:\WINDOWS;C:\WINDOWS\System32\Wbem;C:\WINDOWS\System32\WindowsPowerShell\v1.0\;C:\WINDOWS\System32\OpenSSH\;C:\Program Files\dotnet\;C:\Program Files\Git\cmd;D:\Download\apache-maven-3.9.9\bin;D:\Download\;C:\ProgramData\chocolatey\bin;D:\Download\node_modules\npm\bin;C:\Program Files\MongoDB\Server\8.0\bin;C:\Program Files\Java\jdk-17;C:\Program Files\MySQL\MySQL Shell 8.0\bin\;C:\Users\abirami\AppData\Local\Programs\Python\Python312\Scripts\;C:\Users\abirami\AppData\Local\Programs\Python\Python312\;C:\Users\abirami\AppData\Local\Microsoft\WindowsApps;C:\Users\abirami\AppData\Local\Programs\Microsoft VS Code\bin;D:\Download\apache-maven-3.9.9\bin;C:\Users\abirami\AppData\Roaming\npm;;."/>
    <property name="java.vm.info" value="mixed mode, sharing"/>
    <property name="java.vendor" value="Oracle Corporation"/>
    <property name="java.vm.version" value="17.0.12+8-LTS-286"/>
    <property name="sun.io.unicode.encoding" value="UnicodeLittle"/>
    <property name="java.class.version" value="61.0"/>
  </properties>
  <testcase name="testAddition" classname="test.java.com.demo.CalculatorTest" time="0.005"/>
</testsuite>